
  ___  ____  ____  ____  ____ (R)
 /__    /   ____/   /   ____/
___/   /   /___/   /   /___/   14.0   Copyright 1985-2015 StataCorp LP
  Statistics/Data Analysis            StataCorp
                                      4905 Lakeway Drive
                                      College Station, Texas 77845 USA
                                      800-STATA-PC        http://www.stata.com
                                      979-696-4600        stata@stata.com
                                      979-696-4601 (fax)

5-user Stata network perpetual license:
       Serial number:  401406249371
         Licensed to:  LAITS
                       The University of Texas at Austin

Notes:
      1.  Stata is running in batch mode.

Stata version 14
Stata version 11, has moved to /opt/stata11
      2.  Unicode is supported; see help unicode_advice.

. do "blp_sample.do" 

. capture log close

. clear

. set more off

. version 14

. 
. log using "blp_sample.txt", text replace
-------------------------------------------------------------------------------
      name:  <unnamed>
       log:  /home/gh8728/Projects/Liquor/Data/Nielsen_Panel/analysis/blp_sampl
> e.txt
  log type:  text
 opened on:  16 Aug 2016, 12:40:08

. 
. /* This file makes the relevant variables for using BLP estimation
> proceedure found in demand_est/BLP-basic. Due to the relatively low
> market shares we're using the state wide purcahses. This makes each
> "market" a month-year combo, coinciding with the price schedule setting
> period.
> 
> Currently focusing on just a few UPCs to get the code working. Can
> continue to add more products. Likewise, want to include price sched
> information as instruments for price.
> 
> 
> TODO:
>         - Fix HACK below (same product in mkt with different prices)
> */
. 
. use ny_liquor_purchases_all_years

. 
. /* fixing dates */
. gen date_n = date(purchase_date, "YMD")
variable date_n already defined
r(110);

end of do-file
r(110);
